<?xml version="1.0" encoding="UTF-8"?>
<testsuite name="com.board.MiniBoardApplicationTests" tests="2" skipped="0" failures="0" errors="0" timestamp="2023-12-21T08:46:49" hostname="xavier-Virtual-Machine" time="0.69">
  <properties/>
  <testcase name="contextLoads()" classname="com.board.MiniBoardApplicationTests" time="0.584"/>
  <testcase name="printBoardRowCount()" classname="com.board.MiniBoardApplicationTests" time="0.103"/>
  <system-out><![CDATA[17:46:48.239 [Test worker] INFO org.springframework.test.context.support.AnnotationConfigContextLoaderUtils -- Could not detect default configuration classes for test class [com.board.MiniBoardApplicationTests]: MiniBoardApplicationTests does not declare any static, non-private, non-final, nested classes annotated with @Configuration.
17:46:48.299 [Test worker] INFO org.springframework.boot.test.context.SpringBootTestContextBootstrapper -- Found @SpringBootConfiguration com.board.MiniBoardApplication for test class com.board.MiniBoardApplicationTests

  .   ____          _            __ _ _
 /\\ / ___'_ __ _ _(_)_ __  __ _ \ \ \ \
( ( )\___ | '_ | '_| | '_ \/ _` | \ \ \ \
 \\/  ___)| |_)| | | | | || (_| |  ) ) ) )
  '  |____| .__|_| |_|_| |_\__, | / / / /
 =========|_|==============|___/=/_/_/_/
 :: Spring Boot ::                (v3.2.0)

2023-12-21T17:46:48.523+09:00  INFO 778252 --- [    Test worker] com.board.MiniBoardApplicationTests      : Starting MiniBoardApplicationTests using Java 17.0.9 with PID 778252 (started by xavier in /home/xavier/git/MiniBoard)
2023-12-21T17:46:48.525+09:00  INFO 778252 --- [    Test worker] com.board.MiniBoardApplicationTests      : No active profile set, falling back to 1 default profile: "default"
2023-12-21T17:46:49.305+09:00 ERROR 778252 --- [    Test worker] o.a.catalina.core.AprLifecycleListener   : An incompatible version [1.2.31] of the Apache Tomcat Native library is installed, while Tomcat requires version [1.2.34]
2023-12-21T17:46:49.386+09:00  INFO 778252 --- [    Test worker] o.s.b.a.w.s.WelcomePageHandlerMapping    : Adding welcome page template: index
2023-12-21T17:46:49.621+09:00  INFO 778252 --- [    Test worker] com.board.MiniBoardApplicationTests      : Started MiniBoardApplicationTests in 1.239 seconds (process running for 1.916)
2023-12-21T17:46:50.246+09:00  INFO 778252 --- [    Test worker] com.zaxxer.hikari.HikariDataSource       : HikariPool-1 - Starting...
2023-12-21T17:46:50.301+09:00  INFO 778252 --- [    Test worker] com.zaxxer.hikari.pool.HikariPool        : HikariPool-1 - Added connection org.mariadb.jdbc.Connection@340b4f07
2023-12-21T17:46:50.303+09:00  INFO 778252 --- [    Test worker] com.zaxxer.hikari.HikariDataSource       : HikariPool-1 - Start completed.
게시물 총갯수 : 6
]]></system-out>
  <system-err><![CDATA[]]></system-err>
</testsuite>
