<?xml version="1.0" encoding="UTF-8"?>
<testsuite name="com.board.MiniBoardApplicationTests" tests="2" skipped="0" failures="0" errors="0" timestamp="2023-12-26T04:58:16" hostname="xavier-Virtual-Machine" time="2.575">
  <properties/>
  <testcase name="contextLoads()" classname="com.board.MiniBoardApplicationTests" time="2.113"/>
  <testcase name="printBoardRowCount()" classname="com.board.MiniBoardApplicationTests" time="0.46"/>
  <system-out><![CDATA[13:58:12.184 [Test worker] INFO org.springframework.test.context.support.AnnotationConfigContextLoaderUtils -- Could not detect default configuration classes for test class [com.board.MiniBoardApplicationTests]: MiniBoardApplicationTests does not declare any static, non-private, non-final, nested classes annotated with @Configuration.
13:58:12.478 [Test worker] INFO org.springframework.boot.test.context.SpringBootTestContextBootstrapper -- Found @SpringBootConfiguration com.board.MiniBoardApplication for test class com.board.MiniBoardApplicationTests

  .   ____          _            __ _ _
 /\\ / ___'_ __ _ _(_)_ __  __ _ \ \ \ \
( ( )\___ | '_ | '_| | '_ \/ _` | \ \ \ \
 \\/  ___)| |_)| | | | | || (_| |  ) ) ) )
  '  |____| .__|_| |_|_| |_\__, | / / / /
 =========|_|==============|___/=/_/_/_/
 :: Spring Boot ::                (v3.2.0)

2023-12-26T13:58:13.263+09:00  INFO 346098 --- [    Test worker] com.board.MiniBoardApplicationTests      : Starting MiniBoardApplicationTests using Java 17.0.9 with PID 346098 (started by xavier in /home/xavier/jenkins_home/MiniBoard)
2023-12-26T13:58:13.265+09:00  INFO 346098 --- [    Test worker] com.board.MiniBoardApplicationTests      : No active profile set, falling back to 1 default profile: "default"
2023-12-26T13:58:15.829+09:00 ERROR 346098 --- [    Test worker] o.a.catalina.core.AprLifecycleListener   : An incompatible version [1.2.31] of the Apache Tomcat Native library is installed, while Tomcat requires version [1.2.34]
2023-12-26T13:58:16.140+09:00  INFO 346098 --- [    Test worker] o.s.b.a.w.s.WelcomePageHandlerMapping    : Adding welcome page template: index
2023-12-26T13:58:16.892+09:00  INFO 346098 --- [    Test worker] com.board.MiniBoardApplicationTests      : Started MiniBoardApplicationTests in 4.143 seconds (process running for 6.657)
2023-12-26T13:58:19.182+09:00  INFO 346098 --- [    Test worker] com.zaxxer.hikari.HikariDataSource       : HikariPool-1 - Starting...
2023-12-26T13:58:19.474+09:00  INFO 346098 --- [    Test worker] com.zaxxer.hikari.pool.HikariPool        : HikariPool-1 - Added connection org.mariadb.jdbc.Connection@3a9c11fb
2023-12-26T13:58:19.481+09:00  INFO 346098 --- [    Test worker] com.zaxxer.hikari.HikariDataSource       : HikariPool-1 - Start completed.
게시물 총갯수 : 25
]]></system-out>
  <system-err><![CDATA[]]></system-err>
</testsuite>
